<?xml version="1.0" encoding="UTF-8"?>
<!-- Generated by org.testng.reporters.JUnitXMLReporter -->
<testsuite ignored="0" hostname="DESKTOP-5KDA0G4" failures="1" tests="1" name="Surefire test" time="10.832" errors="0" timestamp="2024-07-28T00:13:56 IST">
  <testcase classname="tests.ProductSearchTest" name="searchAndFilterProducts" time="7.164">
    <failure type="java.lang.AssertionError" message="Prices were not captured. expected [true] but found [false]">
      <![CDATA[java.lang.AssertionError: Prices were not captured. expected [true] but found [false]
at tests.ProductSearchTest.searchAndFilterProducts(ProductSearchTest.java:93)
at java.base/java.util.ArrayList.forEach(ArrayList.java:1511)
... Removed 35 stack frames]]>
    </failure>
  </testcase> <!-- searchAndFilterProducts -->
</testsuite> <!-- Surefire test -->
